make.exe all --print-data-base --no-builtin-variables --no-builtin-rules --question
# GNU Make 3.81
# Copyright (C) 2006  Free Software Foundation, Inc.
# ï¿½ï¿½ï¿½ï¿½Íƒtï¿½ï¿½ï¿½[ï¿½\ï¿½tï¿½gï¿½Eï¿½Fï¿½Aï¿½Å‚ï¿½. ï¿½ï¿½ï¿½pï¿½ï¿½ï¿½ï¿½ï¿½É‚Â‚ï¿½ï¿½Ä‚Íƒ\ï¿½[ï¿½Xï¿½ï¿½
# ï¿½ï¿½ï¿½ï¿½ï¿½ï¿½ï¿½ï¿½ï¿½ï¿½ï¿½ï¿½.
# ï¿½ï¿½ï¿½Æï¿½ï¿½ï¿½ï¿½ï¿½ï¿½Ì–Ú“Iï¿½Ö‚Ì“Kï¿½ï¿½ï¿½ï¿½ï¿½Ì”@ï¿½ï¿½ï¿½ÉŠÖ‚ï¿½ç‚¸, ï¿½ï¿½ï¿½ÛØ‚Å‚ï¿½.

# This program built for i386-pc-mingw32

# Make ï¿½fï¿½[ï¿½^ï¿½xï¿½[ï¿½Xï¿½oï¿½ï¿½ Thu May 20 11:43:46 2021

# ï¿½Ïï¿½

# ï¿½ï¿½ï¿½ï¿½ï¿½Ïï¿½
<D = $(patsubst %/,%,$(dir $<))
# ï¿½ï¿½ï¿½ï¿½ï¿½Ïï¿½
?F = $(notdir $?)
# makefile ï¿½Ïï¿½
MAKEFLAGS = Rrqp
# ï¿½Â‹ï¿½ï¿½Ïï¿½
VSCODE_LOG_NATIVE = false
# ï¿½ï¿½ï¿½ï¿½ï¿½Ïï¿½
?D = $(patsubst %/,%,$(dir $?))
# ï¿½ï¿½ï¿½ï¿½ï¿½Ïï¿½
@D = $(patsubst %/,%,$(dir $@))
# ï¿½Â‹ï¿½ï¿½Ïï¿½
HOMEDRIVE = C:
# ï¿½ï¿½ï¿½ï¿½ï¿½Ïï¿½
@F = $(notdir $@)
# ï¿½ï¿½ï¿½ï¿½ï¿½Ïï¿½
^D = $(patsubst %/,%,$(dir $^))
# makefile ï¿½Ïï¿½
CURDIR := d:/Projects/Laravel/wadaken-studentAttendanceManager
# ï¿½fï¿½tï¿½Hï¿½ï¿½ï¿½g
SHELL := sh.exe
# ï¿½Â‹ï¿½ï¿½Ïï¿½
WINDIR = C:\WINDOWS
# ï¿½Â‹ï¿½ï¿½Ïï¿½
VSCODE_NLS_CONFIG = {"locale":"ja","availableLanguages":{},"_languagePackSupport":true}
# ï¿½Â‹ï¿½ï¿½Ïï¿½
ONEDRIVE = C:\Users\shinj\OneDrive
# ï¿½Â‹ï¿½ï¿½Ïï¿½
PATHEXT = .COM;.EXE;.BAT;.CMD;.VBS;.VBE;.JS;.JSE;.WSF;.WSH;.MSC
# makefile ï¿½Ïï¿½ (`makefile', 1 ï¿½sï¿½Ú‚ï¿½ï¿½ï¿½)
MAKEFILE_LIST :=  makefile
# ï¿½Â‹ï¿½ï¿½Ïï¿½
FPS_BROWSER_USER_PROFILE_STRING = Default
# ï¿½Â‹ï¿½ï¿½Ïï¿½
VSCODE_NODE_CACHED_DATA_DIR = C:\Users\shinj\AppData\Roaming\Code\CachedData\054a9295330880ed74ceaedda236253b4f39a335
# ï¿½Â‹ï¿½ï¿½Ïï¿½
TMP = C:\Users\shinj\AppData\Local\Temp
# ï¿½Â‹ï¿½ï¿½Ïï¿½
VSCODE_VERBOSE_LOGGING = true
# ï¿½Â‹ï¿½ï¿½Ïï¿½
PROGRAMW6432 = C:\Program Files
# ï¿½Â‹ï¿½ï¿½Ïï¿½
CONDA_ENVS_PATH = D:\conda\envs
# ï¿½Â‹ï¿½ï¿½Ïï¿½
PROGRAMDATA = C:\ProgramData
# ï¿½Â‹ï¿½ï¿½Ïï¿½
VSCODE_IPC_HOOK_EXTHOST = \\.\pipe\vscode-ipc-4e683e25-ffef-45d9-b2ae-0d8141b53c54-sock
# ï¿½Â‹ï¿½ï¿½Ïï¿½
VSCODE_CWD = C:\Users\shinj\AppData\Local\Programs\Microsoft VS Code
# ï¿½Â‹ï¿½ï¿½Ïï¿½
PATH = C:\Program Files\Common Files\Oracle\Java\javapath;C:\Program Files\ffmpeg-4.1.3-win64-static\bin;C:\Program Files\Git\cmd;C:\wget\bin\wget;C:\Program Files (x86)\mingw-w64\i686-8.1.0-posix-dwarf-rt_v6-rev0\mingw32\bin;C:\xampp\php;C:\Program Files\nodejs\;C:\WINDOWS\system32;C:\WINDOWS;C:\WINDOWS\System32\Wbem;C:\WINDOWS\System32\WindowsPowerShell\v1.0\;C:\WINDOWS\System32\OpenSSH\;C:\Program Files\dotnet\;D:\Program Files\bin;C:\Program Files\Docker\Docker\resources\bin;C:\ProgramData\DockerDesktop\version-bin;C:\Users\shinj\AppData\Local\Microsoft\WindowsApps;C:\Program Files\mingw-w64\x86_64-8.1.0-posix-seh-rt_v6-rev0\mingw64\bin;C:\tools\sqlite3;C:\WINDOWS\System32\WindowsPowerShell\v1.0\;C:\Users\shinj\AppData\Local\Programs\Microsoft VS Code\bin;C:\Program Files\heroku\bin;C:\Users\shinj\AppData\Roaming\npm;C:\Program Files\PostgreSQL\12\bin;C:\Users\shinj\Flutter\flutter\bin;C:\Users\shinj\ngrok;C:\Users\shinj\AppData\Local\Microsoft\WindowsApps;C:\Users\shinj\go\bin;C:\Program Files (x86)\GnuWin32\bin;
# ï¿½Â‹ï¿½ï¿½Ïï¿½
COMMONPROGRAMW6432 = C:\Program Files\Common Files
# ï¿½Â‹ï¿½ï¿½Ïï¿½
ZES_ENABLE_SYSMAN = 1
# ï¿½Â‹ï¿½ï¿½Ïï¿½
PROCESSOR_ARCHITECTURE = x86
# ï¿½Â‹ï¿½ï¿½Ïï¿½
USERPROFILE = C:\Users\shinj
# ï¿½Â‹ï¿½ï¿½Ïï¿½
ALLUSERSPROFILE = C:\ProgramData
# ï¿½Â‹ï¿½ï¿½Ïï¿½
GOPATH = C:\Users\shinj\go
# ï¿½Â‹ï¿½ï¿½Ïï¿½
VSCODE_LOG_STACK = false
# ï¿½Â‹ï¿½ï¿½Ïï¿½
NUMBER_OF_PROCESSORS = 12
# ï¿½Â‹ï¿½ï¿½Ïï¿½
ELECTRON_RUN_AS_NODE = 1
# ï¿½fï¿½tï¿½Hï¿½ï¿½ï¿½g
.FEATURES := target-specific order-only second-expansion else-if archives
# ï¿½ï¿½ï¿½ï¿½ï¿½Ïï¿½
%F = $(notdir $%)
# ï¿½Â‹ï¿½ï¿½Ïï¿½
CHROME_CRASHPAD_PIPE_NAME = \\.\pipe\crashpad_40696_GGODKQMRRMAZEEFH
# ï¿½Â‹ï¿½ï¿½Ïï¿½
VSCODE_PIPE_LOGGING = true
# ï¿½Â‹ï¿½ï¿½Ïï¿½
COMPUTERNAME = DESKTOP-C2GKRUA
# ï¿½Â‹ï¿½ï¿½Ïï¿½
PROGRAMFILES = C:\Program Files (x86)
# ï¿½Â‹ï¿½ï¿½Ïï¿½
DRIVERDATA = C:\Windows\System32\Drivers\DriverData
# ï¿½Â‹ï¿½ï¿½Ïï¿½
ORIGINAL_XDG_CURRENT_DESKTOP = undefined
# ï¿½Â‹ï¿½ï¿½Ïï¿½
USERNAME = shinj
# ï¿½Â‹ï¿½ï¿½Ïï¿½
PUBLIC = C:\Users\Public
# ï¿½Â‹ï¿½ï¿½Ïï¿½
VSCODE_AMD_ENTRYPOINT = vs/workbench/services/extensions/node/extensionHostProcess
# ï¿½Â‹ï¿½ï¿½Ïï¿½
APPLICATION_INSIGHTS_NO_DIAGNOSTIC_CHANNEL = true
# ï¿½Â‹ï¿½ï¿½Ïï¿½
COMMONPROGRAMFILES = C:\Program Files (x86)\Common Files
# ï¿½Â‹ï¿½ï¿½Ïï¿½
LOGONSERVER = \\DESKTOP-C2GKRUA
# ï¿½Â‹ï¿½ï¿½Ïï¿½
ONEDRIVECONSUMER = C:\Users\shinj\OneDrive
# ï¿½Â‹ï¿½ï¿½Ïï¿½
VSCODE_HANDLES_UNCAUGHT_ERRORS = true
# ï¿½Â‹ï¿½ï¿½Ïï¿½
USERDOMAIN = DESKTOP-C2GKRUA
# ï¿½fï¿½tï¿½Hï¿½ï¿½ï¿½g
MAKE = $(MAKE_COMMAND)
# ï¿½fï¿½tï¿½Hï¿½ï¿½ï¿½g
MAKECMDGOALS := all
# ï¿½fï¿½tï¿½Hï¿½ï¿½ï¿½g
MAKE_VERSION := 3.81
# makefile ï¿½Ïï¿½
.DEFAULT_GOAL := up
# ï¿½Â‹ï¿½ï¿½Ïï¿½
PROGRAMFILES(X86) = C:\Program Files (x86)
# ï¿½ï¿½ï¿½ï¿½ï¿½Ïï¿½
%D = $(patsubst %/,%,$(dir $%))
# ï¿½Â‹ï¿½ï¿½Ïï¿½
LOCALAPPDATA = C:\Users\shinj\AppData\Local
# ï¿½Â‹ï¿½ï¿½Ïï¿½
PSMODULEPATH = C:\Program Files\WindowsPowerShell\Modules;C:\WINDOWS\system32\WindowsPowerShell\v1.0\Modules
# ï¿½fï¿½tï¿½Hï¿½ï¿½ï¿½g
MAKE_COMMAND := make.exe
# ï¿½Â‹ï¿½ï¿½Ïï¿½
PROCESSOR_ARCHITEW6432 = AMD64
# ï¿½fï¿½tï¿½Hï¿½ï¿½ï¿½g
.VARIABLES := 
# ï¿½ï¿½ï¿½ï¿½ï¿½Ïï¿½
*F = $(notdir $*)
# ï¿½Â‹ï¿½ï¿½Ïï¿½
PROCESSOR_IDENTIFIER = Intel64 Family 6 Model 158 Stepping 10, GenuineIntel
# ï¿½Â‹ï¿½ï¿½Ïï¿½
OS = Windows_NT
# ï¿½Â‹ï¿½ï¿½Ïï¿½
VSCODE_IPC_HOOK = \\.\pipe\3faeddc7af6166d9a7f32933b68ee873-1.56.2-main-sock
# ï¿½Â‹ï¿½ï¿½Ïï¿½
HOMEPATH = \Users\shinj
# ï¿½Â‹ï¿½ï¿½Ïï¿½
COMMONPROGRAMFILES(X86) = C:\Program Files (x86)\Common Files
# ï¿½Â‹ï¿½ï¿½Ïï¿½
PROMPT = $P$G
# ï¿½Â‹ï¿½ï¿½Ïï¿½
MFLAGS = -Rrqp
# ï¿½ï¿½ï¿½ï¿½ï¿½Ïï¿½
*D = $(patsubst %/,%,$(dir $*))
# ï¿½Â‹ï¿½ï¿½Ïï¿½
SYSTEMROOT = C:\WINDOWS
# ï¿½ï¿½ï¿½ï¿½ï¿½Ïï¿½
+D = $(patsubst %/,%,$(dir $+))
# ï¿½ï¿½ï¿½ï¿½ï¿½Ïï¿½
+F = $(notdir $+)
# ï¿½Â‹ï¿½ï¿½Ïï¿½
APPDATA = C:\Users\shinj\AppData\Roaming
# ï¿½Â‹ï¿½ï¿½Ïï¿½
TEMP = C:\Users\shinj\AppData\Local\Temp
# ï¿½Â‹ï¿½ï¿½Ïï¿½
COMSPEC = C:\WINDOWS\system32\cmd.exe
# ï¿½fï¿½tï¿½Hï¿½ï¿½ï¿½g
MAKEFILES := 
# ï¿½ï¿½ï¿½ï¿½ï¿½Ïï¿½
<F = $(notdir $<)
# ï¿½Â‹ï¿½ï¿½Ïï¿½
LC_ALL = C
# ï¿½ï¿½ï¿½ï¿½ï¿½Ïï¿½
^F = $(notdir $^)
# ï¿½fï¿½tï¿½Hï¿½ï¿½ï¿½g
SUFFIXES := 
# ï¿½Â‹ï¿½ï¿½Ïï¿½
SYSTEMDRIVE = C:
# ï¿½Â‹ï¿½ï¿½Ïï¿½
SESSIONNAME = Console
# ï¿½Â‹ï¿½ï¿½Ïï¿½
PROCESSOR_REVISION = 9e0a
# ï¿½Â‹ï¿½ï¿½Ïï¿½
MAKELEVEL := 0
# ï¿½Â‹ï¿½ï¿½Ïï¿½
LANG = C
# ï¿½Â‹ï¿½ï¿½Ïï¿½
PROCESSOR_LEVEL = 6
# ï¿½Â‹ï¿½ï¿½Ïï¿½
FPS_BROWSER_APP_PROFILE_STRING = Internet Explorer
# ï¿½Â‹ï¿½ï¿½Ïï¿½
VSCODE_PID = 40696
# ï¿½Â‹ï¿½ï¿½Ïï¿½
USERDOMAIN_ROAMINGPROFILE = DESKTOP-C2GKRUA
# ï¿½Ïï¿½ï¿½Zï¿½bï¿½gï¿½Ìƒnï¿½bï¿½Vï¿½ï¿½ï¿½eï¿½[ï¿½uï¿½ï¿½ï¿½Ìï¿½ï¿½:
# Load=92/1024=9%, Rehash=0, Collisions=9/112=8%

# Pattern-specific Variable Values

# ï¿½pï¿½^ï¿½[ï¿½ï¿½ï¿½wï¿½ï¿½Ïï¿½ï¿½Ì’lï¿½È‚ï¿½.

# ï¿½fï¿½Bï¿½ï¿½ï¿½Nï¿½gï¿½ï¿½

# C:\xampp\php: ï¿½ï¿½Ô‚ğ’²‚×‚ï¿½ï¿½Ü‚ï¿½ï¿½ï¿½Å‚ï¿½ï¿½ï¿½.
# C:\Program Files\heroku\bin (key C:/Program Files/heroku/bin, mtime 1600307544): 4 ï¿½Â‚Ìƒtï¿½@ï¿½Cï¿½ï¿½, 0 ï¿½Â‚Ì“Kï¿½pï¿½sï¿½\ï¿½tï¿½@ï¿½Cï¿½ï¿½ï¿½ï¿½.
# C:\Program Files\Common Files\Oracle\Java\javapath (key C:/Program Files/Common Files/Oracle/Java/javapath, mtime 1607771890): 6 ï¿½Â‚Ìƒtï¿½@ï¿½Cï¿½ï¿½, 0 ï¿½Â‚Ì“Kï¿½pï¿½sï¿½\ï¿½tï¿½@ï¿½Cï¿½ï¿½ï¿½ï¿½.
# C:\Program Files\Docker\Docker\resources\bin (key C:/Program Files/Docker/Docker/resources/bin, mtime 1621154747): 13 ï¿½Â‚Ìƒtï¿½@ï¿½Cï¿½ï¿½, 0 ï¿½Â‚Ì“Kï¿½pï¿½sï¿½\ï¿½tï¿½@ï¿½Cï¿½ï¿½ï¿½ï¿½.
# D:\Program Files\bin (key D:/Program Files/bin, mtime 1618919949): 4 ï¿½Â‚Ìƒtï¿½@ï¿½Cï¿½ï¿½, 0 ï¿½Â‚Ì“Kï¿½pï¿½sï¿½\ï¿½tï¿½@ï¿½Cï¿½ï¿½ï¿½ï¿½.
# C:\WINDOWS\System32\WindowsPowerShell\v1.0\ (key C:/WINDOWS/System32/WindowsPowerShell/v1.0/, mtime 1618652686): 32 ï¿½Â‚Ìƒtï¿½@ï¿½Cï¿½ï¿½, 0 ï¿½Â‚Ì“Kï¿½pï¿½sï¿½\ï¿½tï¿½@ï¿½Cï¿½ï¿½ï¿½ï¿½.
# C:\WINDOWS\System32\Wbem (key C:/WINDOWS/System32/Wbem, mtime 1618652943): 156 ï¿½Â‚Ìƒtï¿½@ï¿½Cï¿½ï¿½, 0 ï¿½Â‚Ì“Kï¿½pï¿½sï¿½\ï¿½tï¿½@ï¿½Cï¿½ï¿½ï¿½ï¿½.
# . (key d:/Projects/Laravel/wadaken-studentAttendanceManager, mtime 1621297945): 14 ï¿½Â‚Ìƒtï¿½@ï¿½Cï¿½ï¿½, 0 ï¿½Â‚Ì“Kï¿½pï¿½sï¿½\ï¿½tï¿½@ï¿½Cï¿½ï¿½ï¿½ï¿½.
# C:\Users\shinj\AppData\Local\Microsoft\WindowsApps (key C:/Users/shinj/AppData/Local/Microsoft/WindowsApps, mtime 1620923217): 13 ï¿½Â‚Ìƒtï¿½@ï¿½Cï¿½ï¿½, 0 ï¿½Â‚Ì“Kï¿½pï¿½sï¿½\ï¿½tï¿½@ï¿½Cï¿½ï¿½ï¿½ï¿½.
# C:\wget\bin\wget (key C:/wget/bin/wget, mtime 1561815698): 7 ï¿½Â‚Ìƒtï¿½@ï¿½Cï¿½ï¿½, 0 ï¿½Â‚Ì“Kï¿½pï¿½sï¿½\ï¿½tï¿½@ï¿½Cï¿½ï¿½ï¿½ï¿½.
# C:\Program Files\nodejs\ (key C:/Program Files/nodejs/, mtime 1600521405): 11 ï¿½Â‚Ìƒtï¿½@ï¿½Cï¿½ï¿½, 0 ï¿½Â‚Ì“Kï¿½pï¿½sï¿½\ï¿½tï¿½@ï¿½Cï¿½ï¿½ï¿½ï¿½.
# C:\Program Files\ffmpeg-4.1.3-win64-static\bin (key C:/Program Files/ffmpeg-4.1.3-win64-static/bin, mtime 1561218473): 5 ï¿½Â‚Ìƒtï¿½@ï¿½Cï¿½ï¿½, 0 ï¿½Â‚Ì“Kï¿½pï¿½sï¿½\ï¿½tï¿½@ï¿½Cï¿½ï¿½ï¿½ï¿½.
# C:\tools\sqlite3 (key C:/tools/sqlite3, mtime 1570423559): 7 ï¿½Â‚Ìƒtï¿½@ï¿½Cï¿½ï¿½, 0 ï¿½Â‚Ì“Kï¿½pï¿½sï¿½\ï¿½tï¿½@ï¿½Cï¿½ï¿½ï¿½ï¿½.
# C:\Users\shinj\go\bin: ï¿½ï¿½Ô‚ğ’²‚×‚ï¿½ï¿½Ü‚ï¿½ï¿½ï¿½Å‚ï¿½ï¿½ï¿½.
# C:\Program Files (x86)\GnuWin32\bin (key C:/Program Files (x86)/GnuWin32/bin, mtime 1621153980): 5 ï¿½Â‚Ìƒtï¿½@ï¿½Cï¿½ï¿½, 0 ï¿½Â‚Ì“Kï¿½pï¿½sï¿½\ï¿½tï¿½@ï¿½Cï¿½ï¿½ï¿½ï¿½.
# C:\WINDOWS\System32\OpenSSH\: ï¿½ï¿½Ô‚ğ’²‚×‚ï¿½ï¿½Ü‚ï¿½ï¿½ï¿½Å‚ï¿½ï¿½ï¿½.
# C:\Program Files\PostgreSQL\12\bin (key C:/Program Files/PostgreSQL/12/bin, mtime 1600585328): 71 ï¿½Â‚Ìƒtï¿½@ï¿½Cï¿½ï¿½, 0 ï¿½Â‚Ì“Kï¿½pï¿½sï¿½\ï¿½tï¿½@ï¿½Cï¿½ï¿½ï¿½ï¿½.
# C:\WINDOWS (key C:/WINDOWS, mtime 1574865339): 127 ï¿½Â‚Ìƒtï¿½@ï¿½Cï¿½ï¿½, 0 ï¿½Â‚Ì“Kï¿½pï¿½sï¿½\ï¿½tï¿½@ï¿½Cï¿½ï¿½ï¿½ï¿½.
# C:\Users\shinj\ngrok (key C:/Users/shinj/ngrok, mtime 1599486842): 3 ï¿½Â‚Ìƒtï¿½@ï¿½Cï¿½ï¿½, 0 ï¿½Â‚Ì“Kï¿½pï¿½sï¿½\ï¿½tï¿½@ï¿½Cï¿½ï¿½ï¿½ï¿½.
# C:\Program Files (x86)\mingw-w64\i686-8.1.0-posix-dwarf-rt_v6-rev0\mingw32\bin (key C:/Program Files (x86)/mingw-w64/i686-8.1.0-posix-dwarf-rt_v6-rev0/mingw32/bin, mtime 1564229662): 58 ï¿½Â‚Ìƒtï¿½@ï¿½Cï¿½ï¿½, 0 ï¿½Â‚Ì“Kï¿½pï¿½sï¿½\ï¿½tï¿½@ï¿½Cï¿½ï¿½ï¿½ï¿½.
# C:\Users\shinj\Flutter\flutter\bin: ï¿½ï¿½Ô‚ğ’²‚×‚ï¿½ï¿½Ü‚ï¿½ï¿½ï¿½Å‚ï¿½ï¿½ï¿½.
# C:\Program Files\mingw-w64\x86_64-8.1.0-posix-seh-rt_v6-rev0\mingw64\bin: ï¿½ï¿½Ô‚ğ’²‚×‚ï¿½ï¿½Ü‚ï¿½ï¿½ï¿½Å‚ï¿½ï¿½ï¿½.
# C:\Program Files\dotnet\ (key C:/Program Files/dotnet/, mtime 1607068717): 8 ï¿½Â‚Ìƒtï¿½@ï¿½Cï¿½ï¿½, 0 ï¿½Â‚Ì“Kï¿½pï¿½sï¿½\ï¿½tï¿½@ï¿½Cï¿½ï¿½ï¿½ï¿½.
# C:\ProgramData\DockerDesktop\version-bin (key C:/ProgramData/DockerDesktop/version-bin, mtime 1621154802): 2 ï¿½Â‚Ìƒtï¿½@ï¿½Cï¿½ï¿½, 0 ï¿½Â‚Ì“Kï¿½pï¿½sï¿½\ï¿½tï¿½@ï¿½Cï¿½ï¿½ï¿½ï¿½.
# C:\Program Files\Git\cmd (key C:/Program Files/Git/cmd, mtime 1561802016): 8 ï¿½Â‚Ìƒtï¿½@ï¿½Cï¿½ï¿½, 0 ï¿½Â‚Ì“Kï¿½pï¿½sï¿½\ï¿½tï¿½@ï¿½Cï¿½ï¿½ï¿½ï¿½.
# C:\WINDOWS\system32 (key C:/WINDOWS/system32, mtime 1621472385): 2970 ï¿½Â‚Ìƒtï¿½@ï¿½Cï¿½ï¿½, 0 ï¿½Â‚Ì“Kï¿½pï¿½sï¿½\ï¿½tï¿½@ï¿½Cï¿½ï¿½ï¿½ï¿½.
# C:\Users\shinj\AppData\Local\Programs\Microsoft VS Code\bin (key C:/Users/shinj/AppData/Local/Programs/Microsoft VS Code/bin, mtime 1620964635): 4 ï¿½Â‚Ìƒtï¿½@ï¿½Cï¿½ï¿½, 0 ï¿½Â‚Ì“Kï¿½pï¿½sï¿½\ï¿½tï¿½@ï¿½Cï¿½ï¿½ï¿½ï¿½.
# C:\Users\shinj\AppData\Roaming\npm (key C:/Users/shinj/AppData/Roaming/npm, mtime 1620815945): 48 ï¿½Â‚Ìƒtï¿½@ï¿½Cï¿½ï¿½, 0 ï¿½Â‚Ì“Kï¿½pï¿½sï¿½\ï¿½tï¿½@ï¿½Cï¿½ï¿½ï¿½ï¿½.

# 3576 ï¿½Â‚Ìƒtï¿½@ï¿½Cï¿½ï¿½, 0 ï¿½Â‚Ì“Kï¿½pï¿½sï¿½\ï¿½tï¿½@ï¿½Cï¿½ï¿½ï¿½ï¿½ (28 ï¿½Â‚Ìƒfï¿½Bï¿½ï¿½ï¿½Nï¿½gï¿½ï¿½ï¿½ï¿½).

# ï¿½Ã–Ùƒï¿½ï¿½[ï¿½ï¿½

# ï¿½Ã–Ùƒï¿½ï¿½[ï¿½ï¿½ï¿½È‚ï¿½.

# ï¿½tï¿½@ï¿½Cï¿½ï¿½

install-recommend-packages:
#  ï¿½Ã–Ùƒï¿½ï¿½[ï¿½ï¿½ï¿½Ì’Tï¿½ï¿½ï¿½Ísï¿½ï¿½ï¿½Ü‚ï¿½ï¿½ï¿½Å‚ï¿½ï¿½ï¿½.
#  ï¿½Cï¿½ï¿½ï¿½ï¿½ï¿½ï¿½ï¿½ï¿½ï¿½`ï¿½Fï¿½bï¿½Nï¿½ï¿½ï¿½ï¿½é‚±ï¿½Æ‚Í‚ï¿½ï¿½ï¿½Ü‚ï¿½ï¿½ï¿½.
#  ï¿½tï¿½@ï¿½Cï¿½ï¿½ï¿½ÍXï¿½Vï¿½ï¿½ï¿½ï¿½Ä‚ï¿½ï¿½Ü‚ï¿½ï¿½ï¿½.
#  ï¿½ï¿½ï¿½sï¿½ï¿½ï¿½ï¿½Rï¿½}ï¿½ï¿½ï¿½h (`makefile', 17 ï¿½sï¿½Ú‚ï¿½ï¿½ï¿½):
	docker-compose exec app composer require doctrine/dbal "^2"
	docker-compose exec app composer require --dev ucan-lab/laravel-dacapo
	docker-compose exec app composer require --dev barryvdh/laravel-ide-helper
	docker-compose exec app composer require --dev beyondcode/laravel-dump-server
	docker-compose exec app composer require --dev barryvdh/laravel-debugbar
	docker-compose exec app composer require --dev roave/security-advisories:dev-master
	docker-compose exec app php artisan vendor:publish --provider="BeyondCode\DumpServer\DumpServerServiceProvider"
	docker-compose exec app php artisan vendor:publish --provider="Barryvdh\Debugbar\ServiceProvider"
	

stop:
#  ï¿½Ã–Ùƒï¿½ï¿½[ï¿½ï¿½ï¿½Ì’Tï¿½ï¿½ï¿½Ísï¿½ï¿½ï¿½Ü‚ï¿½ï¿½ï¿½Å‚ï¿½ï¿½ï¿½.
#  ï¿½Cï¿½ï¿½ï¿½ï¿½ï¿½ï¿½ï¿½ï¿½ï¿½`ï¿½Fï¿½bï¿½Nï¿½ï¿½ï¿½ï¿½é‚±ï¿½Æ‚Í‚ï¿½ï¿½ï¿½Ü‚ï¿½ï¿½ï¿½.
#  ï¿½tï¿½@ï¿½Cï¿½ï¿½ï¿½ÍXï¿½Vï¿½ï¿½ï¿½ï¿½Ä‚ï¿½ï¿½Ü‚ï¿½ï¿½ï¿½.
#  ï¿½ï¿½ï¿½sï¿½ï¿½ï¿½ï¿½Rï¿½}ï¿½ï¿½ï¿½h (`makefile', 37 ï¿½sï¿½Ú‚ï¿½ï¿½ï¿½):
	docker-compose stop
	

cache:
#  ï¿½Ã–Ùƒï¿½ï¿½[ï¿½ï¿½ï¿½Ì’Tï¿½ï¿½ï¿½Ísï¿½ï¿½ï¿½Ü‚ï¿½ï¿½ï¿½Å‚ï¿½ï¿½ï¿½.
#  ï¿½Cï¿½ï¿½ï¿½ï¿½ï¿½ï¿½ï¿½ï¿½ï¿½`ï¿½Fï¿½bï¿½Nï¿½ï¿½ï¿½ï¿½é‚±ï¿½Æ‚Í‚ï¿½ï¿½ï¿½Ü‚ï¿½ï¿½ï¿½.
#  ï¿½tï¿½@ï¿½Cï¿½ï¿½ï¿½ÍXï¿½Vï¿½ï¿½ï¿½ï¿½Ä‚ï¿½ï¿½Ü‚ï¿½ï¿½ï¿½.
#  ï¿½ï¿½ï¿½sï¿½ï¿½ï¿½ï¿½Rï¿½}ï¿½ï¿½ï¿½h (`makefile', 89 ï¿½sï¿½Ú‚ï¿½ï¿½ï¿½):
	docker-compose exec app composer dump-autoload -o
	@make optimize
	docker-compose exec app php artisan event:cache
	docker-compose exec app php artisan view:cache
	

laravel-install:
#  ï¿½Ã–Ùƒï¿½ï¿½[ï¿½ï¿½ï¿½Ì’Tï¿½ï¿½ï¿½Ísï¿½ï¿½ï¿½Ü‚ï¿½ï¿½ï¿½Å‚ï¿½ï¿½ï¿½.
#  ï¿½Cï¿½ï¿½ï¿½ï¿½ï¿½ï¿½ï¿½ï¿½ï¿½`ï¿½Fï¿½bï¿½Nï¿½ï¿½ï¿½ï¿½é‚±ï¿½Æ‚Í‚ï¿½ï¿½ï¿½Ü‚ï¿½ï¿½ï¿½.
#  ï¿½tï¿½@ï¿½Cï¿½ï¿½ï¿½ÍXï¿½Vï¿½ï¿½ï¿½ï¿½Ä‚ï¿½ï¿½Ü‚ï¿½ï¿½ï¿½.
#  ï¿½ï¿½ï¿½sï¿½ï¿½ï¿½ï¿½Rï¿½}ï¿½ï¿½ï¿½h (`makefile', 6 ï¿½sï¿½Ú‚ï¿½ï¿½ï¿½):
	docker-compose exec app composer create-project --prefer-dist laravel/laravel .
	

log-db:
#  ï¿½Ã–Ùƒï¿½ï¿½[ï¿½ï¿½ï¿½Ì’Tï¿½ï¿½ï¿½Ísï¿½ï¿½ï¿½Ü‚ï¿½ï¿½ï¿½Å‚ï¿½ï¿½ï¿½.
#  ï¿½Cï¿½ï¿½ï¿½ï¿½ï¿½ï¿½ï¿½ï¿½ï¿½`ï¿½Fï¿½bï¿½Nï¿½ï¿½ï¿½ï¿½é‚±ï¿½Æ‚Í‚ï¿½ï¿½ï¿½Ü‚ï¿½ï¿½ï¿½.
#  ï¿½tï¿½@ï¿½Cï¿½ï¿½ï¿½ÍXï¿½Vï¿½ï¿½ï¿½ï¿½Ä‚ï¿½ï¿½Ü‚ï¿½ï¿½ï¿½.
#  ï¿½ï¿½ï¿½sï¿½ï¿½ï¿½ï¿½Rï¿½}ï¿½ï¿½ï¿½h (`makefile', 62 ï¿½sï¿½Ú‚ï¿½ï¿½ï¿½):
	docker-compose logs db
	

redis:
#  ï¿½Ã–Ùƒï¿½ï¿½[ï¿½ï¿½ï¿½Ì’Tï¿½ï¿½ï¿½Ísï¿½ï¿½ï¿½Ü‚ï¿½ï¿½ï¿½Å‚ï¿½ï¿½ï¿½.
#  ï¿½Cï¿½ï¿½ï¿½ï¿½ï¿½ï¿½ï¿½ï¿½ï¿½`ï¿½Fï¿½bï¿½Nï¿½ï¿½ï¿½ï¿½é‚±ï¿½Æ‚Í‚ï¿½ï¿½ï¿½Ü‚ï¿½ï¿½ï¿½.
#  ï¿½tï¿½@ï¿½Cï¿½ï¿½ï¿½ÍXï¿½Vï¿½ï¿½ï¿½ï¿½Ä‚ï¿½ï¿½Ü‚ï¿½ï¿½ï¿½.
#  ï¿½ï¿½ï¿½sï¿½ï¿½ï¿½ï¿½Rï¿½}ï¿½ï¿½ï¿½h (`makefile', 126 ï¿½sï¿½Ú‚ï¿½ï¿½ï¿½):
	docker-compose exec redis redis-cli
	

log-db-watch:
#  ï¿½Ã–Ùƒï¿½ï¿½[ï¿½ï¿½ï¿½Ì’Tï¿½ï¿½ï¿½Ísï¿½ï¿½ï¿½Ü‚ï¿½ï¿½ï¿½Å‚ï¿½ï¿½ï¿½.
#  ï¿½Cï¿½ï¿½ï¿½ï¿½ï¿½ï¿½ï¿½ï¿½ï¿½`ï¿½Fï¿½bï¿½Nï¿½ï¿½ï¿½ï¿½é‚±ï¿½Æ‚Í‚ï¿½ï¿½ï¿½Ü‚ï¿½ï¿½ï¿½.
#  ï¿½tï¿½@ï¿½Cï¿½ï¿½ï¿½ÍXï¿½Vï¿½ï¿½ï¿½ï¿½Ä‚ï¿½ï¿½Ü‚ï¿½ï¿½ï¿½.
#  ï¿½ï¿½ï¿½sï¿½ï¿½ï¿½ï¿½Rï¿½}ï¿½ï¿½ï¿½h (`makefile', 64 ï¿½sï¿½Ú‚ï¿½ï¿½ï¿½):
	docker-compose logs --follow db
	

yarn-install:
#  ï¿½Ã–Ùƒï¿½ï¿½[ï¿½ï¿½ï¿½Ì’Tï¿½ï¿½ï¿½Ísï¿½ï¿½ï¿½Ü‚ï¿½ï¿½ï¿½Å‚ï¿½ï¿½ï¿½.
#  ï¿½Cï¿½ï¿½ï¿½ï¿½ï¿½ï¿½ï¿½ï¿½ï¿½`ï¿½Fï¿½bï¿½Nï¿½ï¿½ï¿½ï¿½é‚±ï¿½Æ‚Í‚ï¿½ï¿½ï¿½Ü‚ï¿½ï¿½ï¿½.
#  ï¿½tï¿½@ï¿½Cï¿½ï¿½ï¿½ÍXï¿½Vï¿½ï¿½ï¿½ï¿½Ä‚ï¿½ï¿½Ü‚ï¿½ï¿½ï¿½.
#  ï¿½ï¿½ï¿½sï¿½ï¿½ï¿½ï¿½Rï¿½}ï¿½ï¿½ï¿½h (`makefile', 112 ï¿½sï¿½Ú‚ï¿½ï¿½ï¿½):
	@make yarn
	

# ï¿½^ï¿½[ï¿½Qï¿½bï¿½gï¿½Å‚Í‚ï¿½ï¿½ï¿½Ü‚ï¿½ï¿½ï¿½:
all:
#  ï¿½Rï¿½}ï¿½ï¿½ï¿½hï¿½ï¿½ï¿½Cï¿½ï¿½ï¿½^ï¿½[ï¿½Qï¿½bï¿½g.
#  ï¿½Ã–Ùƒï¿½ï¿½[ï¿½ï¿½ï¿½Ì’Tï¿½ï¿½ï¿½ï¿½ï¿½sï¿½ï¿½ï¿½Ü‚ï¿½ï¿½ï¿½.
#  ï¿½tï¿½@ï¿½Cï¿½ï¿½ï¿½ï¿½ï¿½ï¿½ï¿½İ‚ï¿½ï¿½Ü‚ï¿½ï¿½ï¿½.
#  ï¿½tï¿½@ï¿½Cï¿½ï¿½ï¿½ÍXï¿½Vï¿½ï¿½ï¿½ï¿½Ä‚ï¿½ï¿½Ü‚ï¿½ï¿½ï¿½.
# ï¿½Ïï¿½ï¿½Zï¿½bï¿½gï¿½Ìƒnï¿½bï¿½Vï¿½ï¿½ï¿½eï¿½[ï¿½uï¿½ï¿½ï¿½Ìï¿½ï¿½:
# Load=0/32=0%, Rehash=0, Collisions=0/0=0%

destroy-volumes:
#  ï¿½Ã–Ùƒï¿½ï¿½[ï¿½ï¿½ï¿½Ì’Tï¿½ï¿½ï¿½Ísï¿½ï¿½ï¿½Ü‚ï¿½ï¿½ï¿½Å‚ï¿½ï¿½ï¿½.
#  ï¿½Cï¿½ï¿½ï¿½ï¿½ï¿½ï¿½ï¿½ï¿½ï¿½`ï¿½Fï¿½bï¿½Nï¿½ï¿½ï¿½ï¿½é‚±ï¿½Æ‚Í‚ï¿½ï¿½ï¿½Ü‚ï¿½ï¿½ï¿½.
#  ï¿½tï¿½@ï¿½Cï¿½ï¿½ï¿½ÍXï¿½Vï¿½ï¿½ï¿½ï¿½Ä‚ï¿½ï¿½Ü‚ï¿½ï¿½ï¿½.
#  ï¿½ï¿½ï¿½sï¿½ï¿½ï¿½ï¿½Rï¿½}ï¿½ï¿½ï¿½h (`makefile', 46 ï¿½sï¿½Ú‚ï¿½ï¿½ï¿½):
	docker-compose down --volumes --remove-orphans
	

# ï¿½^ï¿½[ï¿½Qï¿½bï¿½gï¿½Å‚Í‚ï¿½ï¿½ï¿½Ü‚ï¿½ï¿½ï¿½:
.DEFAULT:
#  ï¿½Ã–Ùƒï¿½ï¿½[ï¿½ï¿½ï¿½Ì’Tï¿½ï¿½ï¿½Ísï¿½ï¿½ï¿½Ü‚ï¿½ï¿½ï¿½Å‚ï¿½ï¿½ï¿½.
#  ï¿½Cï¿½ï¿½ï¿½ï¿½ï¿½ï¿½ï¿½ï¿½ï¿½`ï¿½Fï¿½bï¿½Nï¿½ï¿½ï¿½ï¿½é‚±ï¿½Æ‚Í‚ï¿½ï¿½ï¿½Ü‚ï¿½ï¿½ï¿½.
#  ï¿½tï¿½@ï¿½Cï¿½ï¿½ï¿½ÍXï¿½Vï¿½ï¿½ï¿½ï¿½Ä‚ï¿½ï¿½Ü‚ï¿½ï¿½ï¿½.

npm-hot:
#  ï¿½Ã–Ùƒï¿½ï¿½[ï¿½ï¿½ï¿½Ì’Tï¿½ï¿½ï¿½Ísï¿½ï¿½ï¿½Ü‚ï¿½ï¿½ï¿½Å‚ï¿½ï¿½ï¿½.
#  ï¿½Cï¿½ï¿½ï¿½ï¿½ï¿½ï¿½ï¿½ï¿½ï¿½`ï¿½Fï¿½bï¿½Nï¿½ï¿½ï¿½ï¿½é‚±ï¿½Æ‚Í‚ï¿½ï¿½ï¿½Ü‚ï¿½ï¿½ï¿½.
#  ï¿½tï¿½@ï¿½Cï¿½ï¿½ï¿½ÍXï¿½Vï¿½ï¿½ï¿½ï¿½Ä‚ï¿½ï¿½Ü‚ï¿½ï¿½ï¿½.
#  ï¿½ï¿½ï¿½sï¿½ï¿½ï¿½ï¿½Rï¿½}ï¿½ï¿½ï¿½h (`makefile', 108 ï¿½sï¿½Ú‚ï¿½ï¿½ï¿½):
	docker-compose exec web npm run hot
	

web:
#  ï¿½Ã–Ùƒï¿½ï¿½[ï¿½ï¿½ï¿½Ì’Tï¿½ï¿½ï¿½Ísï¿½ï¿½ï¿½Ü‚ï¿½ï¿½ï¿½Å‚ï¿½ï¿½ï¿½.
#  ï¿½Cï¿½ï¿½ï¿½ï¿½ï¿½ï¿½ï¿½ï¿½ï¿½`ï¿½Fï¿½bï¿½Nï¿½ï¿½ï¿½ï¿½é‚±ï¿½Æ‚Í‚ï¿½ï¿½ï¿½Ü‚ï¿½ï¿½ï¿½.
#  ï¿½tï¿½@ï¿½Cï¿½ï¿½ï¿½ÍXï¿½Vï¿½ï¿½ï¿½ï¿½Ä‚ï¿½ï¿½Ü‚ï¿½ï¿½ï¿½.
#  ï¿½ï¿½ï¿½sï¿½ï¿½ï¿½ï¿½Rï¿½}ï¿½ï¿½ï¿½h (`makefile', 66 ï¿½sï¿½Ú‚ï¿½ï¿½ï¿½):
	docker-compose exec web ash
	

npm:
#  ï¿½Ã–Ùƒï¿½ï¿½[ï¿½ï¿½ï¿½Ì’Tï¿½ï¿½ï¿½Ísï¿½ï¿½ï¿½Ü‚ï¿½ï¿½ï¿½Å‚ï¿½ï¿½ï¿½.
#  ï¿½Cï¿½ï¿½ï¿½ï¿½ï¿½ï¿½ï¿½ï¿½ï¿½`ï¿½Fï¿½bï¿½Nï¿½ï¿½ï¿½ï¿½é‚±ï¿½Æ‚Í‚ï¿½ï¿½ï¿½Ü‚ï¿½ï¿½ï¿½.
#  ï¿½tï¿½@ï¿½Cï¿½ï¿½ï¿½ÍXï¿½Vï¿½ï¿½ï¿½ï¿½Ä‚ï¿½ï¿½Ü‚ï¿½ï¿½ï¿½.
#  ï¿½ï¿½ï¿½sï¿½ï¿½ï¿½ï¿½Rï¿½}ï¿½ï¿½ï¿½h (`makefile', 98 ï¿½sï¿½Ú‚ï¿½ï¿½ï¿½):
	@make npm-install
	

remake:
#  ï¿½Ã–Ùƒï¿½ï¿½[ï¿½ï¿½ï¿½Ì’Tï¿½ï¿½ï¿½Ísï¿½ï¿½ï¿½Ü‚ï¿½ï¿½ï¿½Å‚ï¿½ï¿½ï¿½.
#  ï¿½Cï¿½ï¿½ï¿½ï¿½ï¿½ï¿½ï¿½ï¿½ï¿½`ï¿½Fï¿½bï¿½Nï¿½ï¿½ï¿½ï¿½é‚±ï¿½Æ‚Í‚ï¿½ï¿½ï¿½Ü‚ï¿½ï¿½ï¿½.
#  ï¿½tï¿½@ï¿½Cï¿½ï¿½ï¿½ÍXï¿½Vï¿½ï¿½ï¿½ï¿½Ä‚ï¿½ï¿½Ü‚ï¿½ï¿½ï¿½.
#  ï¿½ï¿½ï¿½sï¿½ï¿½ï¿½ï¿½Rï¿½}ï¿½ï¿½ï¿½h (`makefile', 34 ï¿½sï¿½Ú‚ï¿½ï¿½ï¿½):
	@make destroy
	@make init
	

up:
#  ï¿½Ã–Ùƒï¿½ï¿½[ï¿½ï¿½ï¿½Ì’Tï¿½ï¿½ï¿½Ísï¿½ï¿½ï¿½Ü‚ï¿½ï¿½ï¿½Å‚ï¿½ï¿½ï¿½.
#  ï¿½Cï¿½ï¿½ï¿½ï¿½ï¿½ï¿½ï¿½ï¿½ï¿½`ï¿½Fï¿½bï¿½Nï¿½ï¿½ï¿½ï¿½é‚±ï¿½Æ‚Í‚ï¿½ï¿½ï¿½Ü‚ï¿½ï¿½ï¿½.
#  ï¿½tï¿½@ï¿½Cï¿½ï¿½ï¿½ÍXï¿½Vï¿½ï¿½ï¿½ï¿½Ä‚ï¿½ï¿½Ü‚ï¿½ï¿½ï¿½.
#  ï¿½ï¿½ï¿½sï¿½ï¿½ï¿½ï¿½Rï¿½}ï¿½ï¿½ï¿½h (`makefile', 2 ï¿½sï¿½Ú‚ï¿½ï¿½ï¿½):
	docker-compose up -d
	

npm-watch:
#  ï¿½Ã–Ùƒï¿½ï¿½[ï¿½ï¿½ï¿½Ì’Tï¿½ï¿½ï¿½Ísï¿½ï¿½ï¿½Ü‚ï¿½ï¿½ï¿½Å‚ï¿½ï¿½ï¿½.
#  ï¿½Cï¿½ï¿½ï¿½ï¿½ï¿½ï¿½ï¿½ï¿½ï¿½`ï¿½Fï¿½bï¿½Nï¿½ï¿½ï¿½ï¿½é‚±ï¿½Æ‚Í‚ï¿½ï¿½ï¿½Ü‚ï¿½ï¿½ï¿½.
#  ï¿½tï¿½@ï¿½Cï¿½ï¿½ï¿½ÍXï¿½Vï¿½ï¿½ï¿½ï¿½Ä‚ï¿½ï¿½Ü‚ï¿½ï¿½ï¿½.
#  ï¿½ï¿½ï¿½sï¿½ï¿½ï¿½ï¿½Rï¿½}ï¿½ï¿½ï¿½h (`makefile', 104 ï¿½sï¿½Ú‚ï¿½ï¿½ï¿½):
	docker-compose exec web npm run watch
	

optimize:
#  ï¿½Ã–Ùƒï¿½ï¿½[ï¿½ï¿½ï¿½Ì’Tï¿½ï¿½ï¿½Ísï¿½ï¿½ï¿½Ü‚ï¿½ï¿½ï¿½Å‚ï¿½ï¿½ï¿½.
#  ï¿½Cï¿½ï¿½ï¿½ï¿½ï¿½ï¿½ï¿½ï¿½ï¿½`ï¿½Fï¿½bï¿½Nï¿½ï¿½ï¿½ï¿½é‚±ï¿½Æ‚Í‚ï¿½ï¿½ï¿½Ü‚ï¿½ï¿½ï¿½.
#  ï¿½tï¿½@ï¿½Cï¿½ï¿½ï¿½ÍXï¿½Vï¿½ï¿½ï¿½ï¿½Ä‚ï¿½ï¿½Ü‚ï¿½ï¿½ï¿½.
#  ï¿½ï¿½ï¿½sï¿½ï¿½ï¿½ï¿½Rï¿½}ï¿½ï¿½ï¿½h (`makefile', 85 ï¿½sï¿½Ú‚ï¿½ï¿½ï¿½):
	docker-compose exec app php artisan optimize
	

log-app:
#  ï¿½Ã–Ùƒï¿½ï¿½[ï¿½ï¿½ï¿½Ì’Tï¿½ï¿½ï¿½Ísï¿½ï¿½ï¿½Ü‚ï¿½ï¿½ï¿½Å‚ï¿½ï¿½ï¿½.
#  ï¿½Cï¿½ï¿½ï¿½ï¿½ï¿½ï¿½ï¿½ï¿½ï¿½`ï¿½Fï¿½bï¿½Nï¿½ï¿½ï¿½ï¿½é‚±ï¿½Æ‚Í‚ï¿½ï¿½ï¿½Ü‚ï¿½ï¿½ï¿½.
#  ï¿½tï¿½@ï¿½Cï¿½ï¿½ï¿½ÍXï¿½Vï¿½ï¿½ï¿½ï¿½Ä‚ï¿½ï¿½Ü‚ï¿½ï¿½ï¿½.
#  ï¿½ï¿½ï¿½sï¿½ï¿½ï¿½ï¿½Rï¿½}ï¿½ï¿½ï¿½h (`makefile', 58 ï¿½sï¿½Ú‚ï¿½ï¿½ï¿½):
	docker-compose logs app
	

npm-watch-poll:
#  ï¿½Ã–Ùƒï¿½ï¿½[ï¿½ï¿½ï¿½Ì’Tï¿½ï¿½ï¿½Ísï¿½ï¿½ï¿½Ü‚ï¿½ï¿½ï¿½Å‚ï¿½ï¿½ï¿½.
#  ï¿½Cï¿½ï¿½ï¿½ï¿½ï¿½ï¿½ï¿½ï¿½ï¿½`ï¿½Fï¿½bï¿½Nï¿½ï¿½ï¿½ï¿½é‚±ï¿½Æ‚Í‚ï¿½ï¿½ï¿½Ü‚ï¿½ï¿½ï¿½.
#  ï¿½tï¿½@ï¿½Cï¿½ï¿½ï¿½ÍXï¿½Vï¿½ï¿½ï¿½ï¿½Ä‚ï¿½ï¿½Ü‚ï¿½ï¿½ï¿½.
#  ï¿½ï¿½ï¿½sï¿½ï¿½ï¿½ï¿½Rï¿½}ï¿½ï¿½ï¿½h (`makefile', 106 ï¿½sï¿½Ú‚ï¿½ï¿½ï¿½):
	docker-compose exec web npm run watch-poll
	

log-app-watch:
#  ï¿½Ã–Ùƒï¿½ï¿½[ï¿½ï¿½ï¿½Ì’Tï¿½ï¿½ï¿½Ísï¿½ï¿½ï¿½Ü‚ï¿½ï¿½ï¿½Å‚ï¿½ï¿½ï¿½.
#  ï¿½Cï¿½ï¿½ï¿½ï¿½ï¿½ï¿½ï¿½ï¿½ï¿½`ï¿½Fï¿½bï¿½Nï¿½ï¿½ï¿½ï¿½é‚±ï¿½Æ‚Í‚ï¿½ï¿½ï¿½Ü‚ï¿½ï¿½ï¿½.
#  ï¿½tï¿½@ï¿½Cï¿½ï¿½ï¿½ÍXï¿½Vï¿½ï¿½ï¿½ï¿½Ä‚ï¿½ï¿½Ü‚ï¿½ï¿½ï¿½.
#  ï¿½ï¿½ï¿½sï¿½ï¿½ï¿½ï¿½Rï¿½}ï¿½ï¿½ï¿½h (`makefile', 60 ï¿½sï¿½Ú‚ï¿½ï¿½ï¿½):
	docker-compose logs --follow app
	

app:
#  ï¿½Ã–Ùƒï¿½ï¿½[ï¿½ï¿½ï¿½Ì’Tï¿½ï¿½ï¿½Ísï¿½ï¿½ï¿½Ü‚ï¿½ï¿½ï¿½Å‚ï¿½ï¿½ï¿½.
#  ï¿½Cï¿½ï¿½ï¿½ï¿½ï¿½ï¿½ï¿½ï¿½ï¿½`ï¿½Fï¿½bï¿½Nï¿½ï¿½ï¿½ï¿½é‚±ï¿½Æ‚Í‚ï¿½ï¿½ï¿½Ü‚ï¿½ï¿½ï¿½.
#  ï¿½tï¿½@ï¿½Cï¿½ï¿½ï¿½ÍXï¿½Vï¿½ï¿½ï¿½ï¿½Ä‚ï¿½ï¿½Ü‚ï¿½ï¿½ï¿½.
#  ï¿½ï¿½ï¿½sï¿½ï¿½ï¿½ï¿½Rï¿½}ï¿½ï¿½ï¿½h (`makefile', 68 ï¿½sï¿½Ú‚ï¿½ï¿½ï¿½):
	docker-compose exec app bash
	

test:
#  ï¿½Ã–Ùƒï¿½ï¿½[ï¿½ï¿½ï¿½Ì’Tï¿½ï¿½ï¿½Ísï¿½ï¿½ï¿½Ü‚ï¿½ï¿½ï¿½Å‚ï¿½ï¿½ï¿½.
#  ï¿½Cï¿½ï¿½ï¿½ï¿½ï¿½ï¿½ï¿½ï¿½ï¿½`ï¿½Fï¿½bï¿½Nï¿½ï¿½ï¿½ï¿½é‚±ï¿½Æ‚Í‚ï¿½ï¿½ï¿½Ü‚ï¿½ï¿½ï¿½.
#  ï¿½tï¿½@ï¿½Cï¿½ï¿½ï¿½ÍXï¿½Vï¿½ï¿½ï¿½ï¿½Ä‚ï¿½ï¿½Ü‚ï¿½ï¿½ï¿½.
#  ï¿½ï¿½ï¿½sï¿½ï¿½ï¿½ï¿½Rï¿½}ï¿½ï¿½ï¿½h (`makefile', 83 ï¿½sï¿½Ú‚ï¿½ï¿½ï¿½):
	docker-compose exec app php artisan test
	

sql:
#  ï¿½Ã–Ùƒï¿½ï¿½[ï¿½ï¿½ï¿½Ì’Tï¿½ï¿½ï¿½Ísï¿½ï¿½ï¿½Ü‚ï¿½ï¿½ï¿½Å‚ï¿½ï¿½ï¿½.
#  ï¿½Cï¿½ï¿½ï¿½ï¿½ï¿½ï¿½ï¿½ï¿½ï¿½`ï¿½Fï¿½bï¿½Nï¿½ï¿½ï¿½ï¿½é‚±ï¿½Æ‚Í‚ï¿½ï¿½ï¿½Ü‚ï¿½ï¿½ï¿½.
#  ï¿½tï¿½@ï¿½Cï¿½ï¿½ï¿½ÍXï¿½Vï¿½ï¿½ï¿½ï¿½Ä‚ï¿½ï¿½Ü‚ï¿½ï¿½ï¿½.
#  ï¿½ï¿½ï¿½sï¿½ï¿½ï¿½ï¿½Rï¿½}ï¿½ï¿½ï¿½h (`makefile', 124 ï¿½sï¿½Ú‚ï¿½ï¿½ï¿½):
	docker-compose exec db bash -c 'mysql -u $$MYSQL_USER -p$$MYSQL_PASSWORD $$MYSQL_DATABASE'
	

# ï¿½^ï¿½[ï¿½Qï¿½bï¿½gï¿½Å‚Í‚ï¿½ï¿½ï¿½Ü‚ï¿½ï¿½ï¿½:
makefile:
#  ï¿½Ã–Ùƒï¿½ï¿½[ï¿½ï¿½ï¿½Ì’Tï¿½ï¿½ï¿½ï¿½ï¿½sï¿½ï¿½ï¿½Ü‚ï¿½ï¿½ï¿½.
#  ï¿½ÅIï¿½Cï¿½ï¿½ 2021-05-11 11:29:14
#  ï¿½tï¿½@ï¿½Cï¿½ï¿½ï¿½ÍXï¿½Vï¿½ï¿½ï¿½ï¿½Ä‚ï¿½ï¿½Ü‚ï¿½.
#  ï¿½Xï¿½Vï¿½Éï¿½ï¿½ï¿½ï¿½ï¿½ï¿½Ü‚ï¿½ï¿½ï¿½.
# ï¿½Ïï¿½ï¿½Zï¿½bï¿½gï¿½Ìƒnï¿½bï¿½Vï¿½ï¿½ï¿½eï¿½[ï¿½uï¿½ï¿½ï¿½Ìï¿½ï¿½:
# Load=0/32=0%, Rehash=0, Collisions=0/0=0%

build:
#  ï¿½Ã–Ùƒï¿½ï¿½[ï¿½ï¿½ï¿½Ì’Tï¿½ï¿½ï¿½Ísï¿½ï¿½ï¿½Ü‚ï¿½ï¿½ï¿½Å‚ï¿½ï¿½ï¿½.
#  ï¿½Cï¿½ï¿½ï¿½ï¿½ï¿½ï¿½ï¿½ï¿½ï¿½`ï¿½Fï¿½bï¿½Nï¿½ï¿½ï¿½ï¿½é‚±ï¿½Æ‚Í‚ï¿½ï¿½ï¿½Ü‚ï¿½ï¿½ï¿½.
#  ï¿½tï¿½@ï¿½Cï¿½ï¿½ï¿½ÍXï¿½Vï¿½ï¿½ï¿½ï¿½Ä‚ï¿½ï¿½Ü‚ï¿½ï¿½ï¿½.
#  ï¿½ï¿½ï¿½sï¿½ï¿½ï¿½ï¿½Rï¿½}ï¿½ï¿½ï¿½h (`makefile', 4 ï¿½sï¿½Ú‚ï¿½ï¿½ï¿½):
	docker-compose build --no-cache --force-rm
	

dacapo:
#  ï¿½Ã–Ùƒï¿½ï¿½[ï¿½ï¿½ï¿½Ì’Tï¿½ï¿½ï¿½Ísï¿½ï¿½ï¿½Ü‚ï¿½ï¿½ï¿½Å‚ï¿½ï¿½ï¿½.
#  ï¿½Cï¿½ï¿½ï¿½ï¿½ï¿½ï¿½ï¿½ï¿½ï¿½`ï¿½Fï¿½bï¿½Nï¿½ï¿½ï¿½ï¿½é‚±ï¿½Æ‚Í‚ï¿½ï¿½ï¿½Ü‚ï¿½ï¿½ï¿½.
#  ï¿½tï¿½@ï¿½Cï¿½ï¿½ï¿½ÍXï¿½Vï¿½ï¿½ï¿½ï¿½Ä‚ï¿½ï¿½Ü‚ï¿½ï¿½ï¿½.
#  ï¿½ï¿½ï¿½sï¿½ï¿½ï¿½ï¿½Rï¿½}ï¿½ï¿½ï¿½h (`makefile', 76 ï¿½sï¿½Ú‚ï¿½ï¿½ï¿½):
	docker-compose exec app php artisan dacapo
	

npm-dev:
#  ï¿½Ã–Ùƒï¿½ï¿½[ï¿½ï¿½ï¿½Ì’Tï¿½ï¿½ï¿½Ísï¿½ï¿½ï¿½Ü‚ï¿½ï¿½ï¿½Å‚ï¿½ï¿½ï¿½.
#  ï¿½Cï¿½ï¿½ï¿½ï¿½ï¿½ï¿½ï¿½ï¿½ï¿½`ï¿½Fï¿½bï¿½Nï¿½ï¿½ï¿½ï¿½é‚±ï¿½Æ‚Í‚ï¿½ï¿½ï¿½Ü‚ï¿½ï¿½ï¿½.
#  ï¿½tï¿½@ï¿½Cï¿½ï¿½ï¿½ÍXï¿½Vï¿½ï¿½ï¿½ï¿½Ä‚ï¿½ï¿½Ü‚ï¿½ï¿½ï¿½.
#  ï¿½ï¿½ï¿½sï¿½ï¿½ï¿½ï¿½Rï¿½}ï¿½ï¿½ï¿½h (`makefile', 102 ï¿½sï¿½Ú‚ï¿½ï¿½ï¿½):
	docker-compose exec web npm run dev
	

cache-clear:
#  ï¿½Ã–Ùƒï¿½ï¿½[ï¿½ï¿½ï¿½Ì’Tï¿½ï¿½ï¿½Ísï¿½ï¿½ï¿½Ü‚ï¿½ï¿½ï¿½Å‚ï¿½ï¿½ï¿½.
#  ï¿½Cï¿½ï¿½ï¿½ï¿½ï¿½ï¿½ï¿½ï¿½ï¿½`ï¿½Fï¿½bï¿½Nï¿½ï¿½ï¿½ï¿½é‚±ï¿½Æ‚Í‚ï¿½ï¿½ï¿½Ü‚ï¿½ï¿½ï¿½.
#  ï¿½tï¿½@ï¿½Cï¿½ï¿½ï¿½ÍXï¿½Vï¿½ï¿½ï¿½ï¿½Ä‚ï¿½ï¿½Ü‚ï¿½ï¿½ï¿½.
#  ï¿½ï¿½ï¿½sï¿½ï¿½ï¿½ï¿½Rï¿½}ï¿½ï¿½ï¿½h (`makefile', 94 ï¿½sï¿½Ú‚ï¿½ï¿½ï¿½):
	docker-compose exec app composer clear-cache
	@make optimize-clear
	docker-compose exec app php artisan event:clear
	

ide-helper:
#  ï¿½Ã–Ùƒï¿½ï¿½[ï¿½ï¿½ï¿½Ì’Tï¿½ï¿½ï¿½Ísï¿½ï¿½ï¿½Ü‚ï¿½ï¿½ï¿½Å‚ï¿½ï¿½ï¿½.
#  ï¿½Cï¿½ï¿½ï¿½ï¿½ï¿½ï¿½ï¿½ï¿½ï¿½`ï¿½Fï¿½bï¿½Nï¿½ï¿½ï¿½ï¿½é‚±ï¿½Æ‚Í‚ï¿½ï¿½ï¿½Ü‚ï¿½ï¿½ï¿½.
#  ï¿½tï¿½@ï¿½Cï¿½ï¿½ï¿½ÍXï¿½Vï¿½ï¿½ï¿½ï¿½Ä‚ï¿½ï¿½Ü‚ï¿½ï¿½ï¿½.
#  ï¿½ï¿½ï¿½sï¿½ï¿½ï¿½ï¿½Rï¿½}ï¿½ï¿½ï¿½h (`makefile', 128 ï¿½sï¿½Ú‚ï¿½ï¿½ï¿½):
	docker-compose exec app php artisan clear-compiled
	docker-compose exec app php artisan ide-helper:generate
	docker-compose exec app php artisan ide-helper:meta
	docker-compose exec app php artisan ide-helper:models --nowrite
	

rollback-test:
#  ï¿½Ã–Ùƒï¿½ï¿½[ï¿½ï¿½ï¿½Ì’Tï¿½ï¿½ï¿½Ísï¿½ï¿½ï¿½Ü‚ï¿½ï¿½ï¿½Å‚ï¿½ï¿½ï¿½.
#  ï¿½Cï¿½ï¿½ï¿½ï¿½ï¿½ï¿½ï¿½ï¿½ï¿½`ï¿½Fï¿½bï¿½Nï¿½ï¿½ï¿½ï¿½é‚±ï¿½Æ‚Í‚ï¿½ï¿½ï¿½Ü‚ï¿½ï¿½ï¿½.
#  ï¿½tï¿½@ï¿½Cï¿½ï¿½ï¿½ÍXï¿½Vï¿½ï¿½ï¿½ï¿½Ä‚ï¿½ï¿½Ü‚ï¿½ï¿½ï¿½.
#  ï¿½ï¿½ï¿½sï¿½ï¿½ï¿½ï¿½Rï¿½}ï¿½ï¿½ï¿½h (`makefile', 78 ï¿½sï¿½Ú‚ï¿½ï¿½ï¿½):
	docker-compose exec app php artisan migrate:fresh
	docker-compose exec app php artisan migrate:refresh
	

seed:
#  ï¿½Ã–Ùƒï¿½ï¿½[ï¿½ï¿½ï¿½Ì’Tï¿½ï¿½ï¿½Ísï¿½ï¿½ï¿½Ü‚ï¿½ï¿½ï¿½Å‚ï¿½ï¿½ï¿½.
#  ï¿½Cï¿½ï¿½ï¿½ï¿½ï¿½ï¿½ï¿½ï¿½ï¿½`ï¿½Fï¿½bï¿½Nï¿½ï¿½ï¿½ï¿½é‚±ï¿½Æ‚Í‚ï¿½ï¿½ï¿½Ü‚ï¿½ï¿½ï¿½.
#  ï¿½tï¿½@ï¿½Cï¿½ï¿½ï¿½ÍXï¿½Vï¿½ï¿½ï¿½ï¿½Ä‚ï¿½ï¿½Ü‚ï¿½ï¿½ï¿½.
#  ï¿½ï¿½ï¿½sï¿½ï¿½ï¿½ï¿½Rï¿½}ï¿½ï¿½ï¿½h (`makefile', 74 ï¿½sï¿½Ú‚ï¿½ï¿½ï¿½):
	docker-compose exec app php artisan db:seed
	

db:
#  ï¿½Ã–Ùƒï¿½ï¿½[ï¿½ï¿½ï¿½Ì’Tï¿½ï¿½ï¿½Ísï¿½ï¿½ï¿½Ü‚ï¿½ï¿½ï¿½Å‚ï¿½ï¿½ï¿½.
#  ï¿½Cï¿½ï¿½ï¿½ï¿½ï¿½ï¿½ï¿½ï¿½ï¿½`ï¿½Fï¿½bï¿½Nï¿½ï¿½ï¿½ï¿½é‚±ï¿½Æ‚Í‚ï¿½ï¿½ï¿½Ü‚ï¿½ï¿½ï¿½.
#  ï¿½tï¿½@ï¿½Cï¿½ï¿½ï¿½ÍXï¿½Vï¿½ï¿½ï¿½ï¿½Ä‚ï¿½ï¿½Ü‚ï¿½ï¿½ï¿½.
#  ï¿½ï¿½ï¿½sï¿½ï¿½ï¿½ï¿½Rï¿½}ï¿½ï¿½ï¿½h (`makefile', 122 ï¿½sï¿½Ú‚ï¿½ï¿½ï¿½):
	docker-compose exec db bash
	

migrate:
#  ï¿½Ã–Ùƒï¿½ï¿½[ï¿½ï¿½ï¿½Ì’Tï¿½ï¿½ï¿½Ísï¿½ï¿½ï¿½Ü‚ï¿½ï¿½ï¿½Å‚ï¿½ï¿½ï¿½.
#  ï¿½Cï¿½ï¿½ï¿½ï¿½ï¿½ï¿½ï¿½ï¿½ï¿½`ï¿½Fï¿½bï¿½Nï¿½ï¿½ï¿½ï¿½é‚±ï¿½Æ‚Í‚ï¿½ï¿½ï¿½Ü‚ï¿½ï¿½ï¿½.
#  ï¿½tï¿½@ï¿½Cï¿½ï¿½ï¿½ÍXï¿½Vï¿½ï¿½ï¿½ï¿½Ä‚ï¿½ï¿½Ü‚ï¿½ï¿½ï¿½.
#  ï¿½ï¿½ï¿½sï¿½ï¿½ï¿½ï¿½Rï¿½}ï¿½ï¿½ï¿½h (`makefile', 70 ï¿½sï¿½Ú‚ï¿½ï¿½ï¿½):
	docker-compose exec app php artisan migrate
	

create-project:
#  ï¿½Ã–Ùƒï¿½ï¿½[ï¿½ï¿½ï¿½Ì’Tï¿½ï¿½ï¿½Ísï¿½ï¿½ï¿½Ü‚ï¿½ï¿½ï¿½Å‚ï¿½ï¿½ï¿½.
#  ï¿½Cï¿½ï¿½ï¿½ï¿½ï¿½ï¿½ï¿½ï¿½ï¿½`ï¿½Fï¿½bï¿½Nï¿½ï¿½ï¿½ï¿½é‚±ï¿½Æ‚Í‚ï¿½ï¿½ï¿½Ü‚ï¿½ï¿½ï¿½.
#  ï¿½tï¿½@ï¿½Cï¿½ï¿½ï¿½ÍXï¿½Vï¿½ï¿½ï¿½ï¿½Ä‚ï¿½ï¿½Ü‚ï¿½ï¿½ï¿½.
#  ï¿½ï¿½ï¿½sï¿½ï¿½ï¿½ï¿½Rï¿½}ï¿½ï¿½ï¿½h (`makefile', 8 ï¿½sï¿½Ú‚ï¿½ï¿½ï¿½):
	mkdir -p backend
	@make build
	@make up
	@make laravel-install
	docker-compose exec app php artisan key:generate
	docker-compose exec app php artisan storage:link
	docker-compose exec app chmod -R 777 storage bootstrap/cache
	@make fresh
	

# ï¿½^ï¿½[ï¿½Qï¿½bï¿½gï¿½Å‚Í‚ï¿½ï¿½ï¿½Ü‚ï¿½ï¿½ï¿½:
.SUFFIXES:
#  ï¿½Ã–Ùƒï¿½ï¿½[ï¿½ï¿½ï¿½Ì’Tï¿½ï¿½ï¿½Ísï¿½ï¿½ï¿½Ü‚ï¿½ï¿½ï¿½Å‚ï¿½ï¿½ï¿½.
#  ï¿½Cï¿½ï¿½ï¿½ï¿½ï¿½ï¿½ï¿½ï¿½ï¿½`ï¿½Fï¿½bï¿½Nï¿½ï¿½ï¿½ï¿½é‚±ï¿½Æ‚Í‚ï¿½ï¿½ï¿½Ü‚ï¿½ï¿½ï¿½.
#  ï¿½tï¿½@ï¿½Cï¿½ï¿½ï¿½ÍXï¿½Vï¿½ï¿½ï¿½ï¿½Ä‚ï¿½ï¿½Ü‚ï¿½ï¿½ï¿½.

optimize-clear:
#  ï¿½Ã–Ùƒï¿½ï¿½[ï¿½ï¿½ï¿½Ì’Tï¿½ï¿½ï¿½Ísï¿½ï¿½ï¿½Ü‚ï¿½ï¿½ï¿½Å‚ï¿½ï¿½ï¿½.
#  ï¿½Cï¿½ï¿½ï¿½ï¿½ï¿½ï¿½ï¿½ï¿½ï¿½`ï¿½Fï¿½bï¿½Nï¿½ï¿½ï¿½ï¿½é‚±ï¿½Æ‚Í‚ï¿½ï¿½ï¿½Ü‚ï¿½ï¿½ï¿½.
#  ï¿½tï¿½@ï¿½Cï¿½ï¿½ï¿½ÍXï¿½Vï¿½ï¿½ï¿½ï¿½Ä‚ï¿½ï¿½Ü‚ï¿½ï¿½ï¿½.
#  ï¿½ï¿½ï¿½sï¿½ï¿½ï¿½ï¿½Rï¿½}ï¿½ï¿½ï¿½h (`makefile', 87 ï¿½sï¿½Ú‚ï¿½ï¿½ï¿½):
	docker-compose exec app php artisan optimize:clear
	

npm-install:
#  ï¿½Ã–Ùƒï¿½ï¿½[ï¿½ï¿½ï¿½Ì’Tï¿½ï¿½ï¿½Ísï¿½ï¿½ï¿½Ü‚ï¿½ï¿½ï¿½Å‚ï¿½ï¿½ï¿½.
#  ï¿½Cï¿½ï¿½ï¿½ï¿½ï¿½ï¿½ï¿½ï¿½ï¿½`ï¿½Fï¿½bï¿½Nï¿½ï¿½ï¿½ï¿½é‚±ï¿½Æ‚Í‚ï¿½ï¿½ï¿½Ü‚ï¿½ï¿½ï¿½.
#  ï¿½tï¿½@ï¿½Cï¿½ï¿½ï¿½ÍXï¿½Vï¿½ï¿½ï¿½ï¿½Ä‚ï¿½ï¿½Ü‚ï¿½ï¿½ï¿½.
#  ï¿½ï¿½ï¿½sï¿½ï¿½ï¿½ï¿½Rï¿½}ï¿½ï¿½ï¿½h (`makefile', 100 ï¿½sï¿½Ú‚ï¿½ï¿½ï¿½):
	docker-compose exec web npm install
	

fresh:
#  ï¿½Ã–Ùƒï¿½ï¿½[ï¿½ï¿½ï¿½Ì’Tï¿½ï¿½ï¿½Ísï¿½ï¿½ï¿½Ü‚ï¿½ï¿½ï¿½Å‚ï¿½ï¿½ï¿½.
#  ï¿½Cï¿½ï¿½ï¿½ï¿½ï¿½ï¿½ï¿½ï¿½ï¿½`ï¿½Fï¿½bï¿½Nï¿½ï¿½ï¿½ï¿½é‚±ï¿½Æ‚Í‚ï¿½ï¿½ï¿½Ü‚ï¿½ï¿½ï¿½.
#  ï¿½tï¿½@ï¿½Cï¿½ï¿½ï¿½ÍXï¿½Vï¿½ï¿½ï¿½ï¿½Ä‚ï¿½ï¿½Ü‚ï¿½ï¿½ï¿½.
#  ï¿½ï¿½ï¿½sï¿½ï¿½ï¿½ï¿½Rï¿½}ï¿½ï¿½ï¿½h (`makefile', 72 ï¿½sï¿½Ú‚ï¿½ï¿½ï¿½):
	docker-compose exec app php artisan migrate:fresh --seed
	

restart:
#  ï¿½Ã–Ùƒï¿½ï¿½[ï¿½ï¿½ï¿½Ì’Tï¿½ï¿½ï¿½Ísï¿½ï¿½ï¿½Ü‚ï¿½ï¿½ï¿½Å‚ï¿½ï¿½ï¿½.
#  ï¿½Cï¿½ï¿½ï¿½ï¿½ï¿½ï¿½ï¿½ï¿½ï¿½`ï¿½Fï¿½bï¿½Nï¿½ï¿½ï¿½ï¿½é‚±ï¿½Æ‚Í‚ï¿½ï¿½ï¿½Ü‚ï¿½ï¿½ï¿½.
#  ï¿½tï¿½@ï¿½Cï¿½ï¿½ï¿½ÍXï¿½Vï¿½ï¿½ï¿½ï¿½Ä‚ï¿½ï¿½Ü‚ï¿½ï¿½ï¿½.
#  ï¿½ï¿½ï¿½sï¿½ï¿½ï¿½ï¿½Rï¿½}ï¿½ï¿½ï¿½h (`makefile', 41 ï¿½sï¿½Ú‚ï¿½ï¿½ï¿½):
	@make down
	@make up
	

log-web:
#  ï¿½Ã–Ùƒï¿½ï¿½[ï¿½ï¿½ï¿½Ì’Tï¿½ï¿½ï¿½Ísï¿½ï¿½ï¿½Ü‚ï¿½ï¿½ï¿½Å‚ï¿½ï¿½ï¿½.
#  ï¿½Cï¿½ï¿½ï¿½ï¿½ï¿½ï¿½ï¿½ï¿½ï¿½`ï¿½Fï¿½bï¿½Nï¿½ï¿½ï¿½ï¿½é‚±ï¿½Æ‚Í‚ï¿½ï¿½ï¿½Ü‚ï¿½ï¿½ï¿½.
#  ï¿½tï¿½@ï¿½Cï¿½ï¿½ï¿½ÍXï¿½Vï¿½ï¿½ï¿½ï¿½Ä‚ï¿½ï¿½Ü‚ï¿½ï¿½ï¿½.
#  ï¿½ï¿½ï¿½sï¿½ï¿½ï¿½ï¿½Rï¿½}ï¿½ï¿½ï¿½h (`makefile', 54 ï¿½sï¿½Ú‚ï¿½ï¿½ï¿½):
	docker-compose logs web
	

yarn-hot:
#  ï¿½Ã–Ùƒï¿½ï¿½[ï¿½ï¿½ï¿½Ì’Tï¿½ï¿½ï¿½Ísï¿½ï¿½ï¿½Ü‚ï¿½ï¿½ï¿½Å‚ï¿½ï¿½ï¿½.
#  ï¿½Cï¿½ï¿½ï¿½ï¿½ï¿½ï¿½ï¿½ï¿½ï¿½`ï¿½Fï¿½bï¿½Nï¿½ï¿½ï¿½ï¿½é‚±ï¿½Æ‚Í‚ï¿½ï¿½ï¿½Ü‚ï¿½ï¿½ï¿½.
#  ï¿½tï¿½@ï¿½Cï¿½ï¿½ï¿½ÍXï¿½Vï¿½ï¿½ï¿½ï¿½Ä‚ï¿½ï¿½Ü‚ï¿½ï¿½ï¿½.
#  ï¿½ï¿½ï¿½sï¿½ï¿½ï¿½ï¿½Rï¿½}ï¿½ï¿½ï¿½h (`makefile', 120 ï¿½sï¿½Ú‚ï¿½ï¿½ï¿½):
	docker-compose exec web yarn hot
	

yarn:
#  ï¿½Ã–Ùƒï¿½ï¿½[ï¿½ï¿½ï¿½Ì’Tï¿½ï¿½ï¿½Ísï¿½ï¿½ï¿½Ü‚ï¿½ï¿½ï¿½Å‚ï¿½ï¿½ï¿½.
#  ï¿½Cï¿½ï¿½ï¿½ï¿½ï¿½ï¿½ï¿½ï¿½ï¿½`ï¿½Fï¿½bï¿½Nï¿½ï¿½ï¿½ï¿½é‚±ï¿½Æ‚Í‚ï¿½ï¿½ï¿½Ü‚ï¿½ï¿½ï¿½.
#  ï¿½tï¿½@ï¿½Cï¿½ï¿½ï¿½ÍXï¿½Vï¿½ï¿½ï¿½ï¿½Ä‚ï¿½ï¿½Ü‚ï¿½ï¿½ï¿½.
#  ï¿½ï¿½ï¿½sï¿½ï¿½ï¿½ï¿½Rï¿½}ï¿½ï¿½ï¿½h (`makefile', 110 ï¿½sï¿½Ú‚ï¿½ï¿½ï¿½):
	docker-compose exec web yarn
	

log-web-watch:
#  ï¿½Ã–Ùƒï¿½ï¿½[ï¿½ï¿½ï¿½Ì’Tï¿½ï¿½ï¿½Ísï¿½ï¿½ï¿½Ü‚ï¿½ï¿½ï¿½Å‚ï¿½ï¿½ï¿½.
#  ï¿½Cï¿½ï¿½ï¿½ï¿½ï¿½ï¿½ï¿½ï¿½ï¿½`ï¿½Fï¿½bï¿½Nï¿½ï¿½ï¿½ï¿½é‚±ï¿½Æ‚Í‚ï¿½ï¿½ï¿½Ü‚ï¿½ï¿½ï¿½.
#  ï¿½tï¿½@ï¿½Cï¿½ï¿½ï¿½ÍXï¿½Vï¿½ï¿½ï¿½ï¿½Ä‚ï¿½ï¿½Ü‚ï¿½ï¿½ï¿½.
#  ï¿½ï¿½ï¿½sï¿½ï¿½ï¿½ï¿½Rï¿½}ï¿½ï¿½ï¿½h (`makefile', 56 ï¿½sï¿½Ú‚ï¿½ï¿½ï¿½):
	docker-compose logs --follow web
	

yarn-watch:
#  ï¿½Ã–Ùƒï¿½ï¿½[ï¿½ï¿½ï¿½Ì’Tï¿½ï¿½ï¿½Ísï¿½ï¿½ï¿½Ü‚ï¿½ï¿½ï¿½Å‚ï¿½ï¿½ï¿½.
#  ï¿½Cï¿½ï¿½ï¿½ï¿½ï¿½ï¿½ï¿½ï¿½ï¿½`ï¿½Fï¿½bï¿½Nï¿½ï¿½ï¿½ï¿½é‚±ï¿½Æ‚Í‚ï¿½ï¿½ï¿½Ü‚ï¿½ï¿½ï¿½.
#  ï¿½tï¿½@ï¿½Cï¿½ï¿½ï¿½ÍXï¿½Vï¿½ï¿½ï¿½ï¿½Ä‚ï¿½ï¿½Ü‚ï¿½ï¿½ï¿½.
#  ï¿½ï¿½ï¿½sï¿½ï¿½ï¿½ï¿½Rï¿½}ï¿½ï¿½ï¿½h (`makefile', 116 ï¿½sï¿½Ú‚ï¿½ï¿½ï¿½):
	docker-compose exec web yarn watch
	

init:
#  ï¿½Ã–Ùƒï¿½ï¿½[ï¿½ï¿½ï¿½Ì’Tï¿½ï¿½ï¿½Ísï¿½ï¿½ï¿½Ü‚ï¿½ï¿½ï¿½Å‚ï¿½ï¿½ï¿½.
#  ï¿½Cï¿½ï¿½ï¿½ï¿½ï¿½ï¿½ï¿½ï¿½ï¿½`ï¿½Fï¿½bï¿½Nï¿½ï¿½ï¿½ï¿½é‚±ï¿½Æ‚Í‚ï¿½ï¿½ï¿½Ü‚ï¿½ï¿½ï¿½.
#  ï¿½tï¿½@ï¿½Cï¿½ï¿½ï¿½ÍXï¿½Vï¿½ï¿½ï¿½ï¿½Ä‚ï¿½ï¿½Ü‚ï¿½ï¿½ï¿½.
#  ï¿½ï¿½ï¿½sï¿½ï¿½ï¿½ï¿½Rï¿½}ï¿½ï¿½ï¿½h (`makefile', 26 ï¿½sï¿½Ú‚ï¿½ï¿½ï¿½):
	docker-compose up -d --build
	docker-compose exec app composer install
	docker-compose exec app cp .env.example .env
	docker-compose exec app php artisan key:generate
	docker-compose exec app php artisan storage:link
	docker-compose exec app chmod -R 777 storage bootstrap/cache
	@make fresh
	

destroy:
#  ï¿½Ã–Ùƒï¿½ï¿½[ï¿½ï¿½ï¿½Ì’Tï¿½ï¿½ï¿½Ísï¿½ï¿½ï¿½Ü‚ï¿½ï¿½ï¿½Å‚ï¿½ï¿½ï¿½.
#  ï¿½Cï¿½ï¿½ï¿½ï¿½ï¿½ï¿½ï¿½ï¿½ï¿½`ï¿½Fï¿½bï¿½Nï¿½ï¿½ï¿½ï¿½é‚±ï¿½Æ‚Í‚ï¿½ï¿½ï¿½Ü‚ï¿½ï¿½ï¿½.
#  ï¿½tï¿½@ï¿½Cï¿½ï¿½ï¿½ÍXï¿½Vï¿½ï¿½ï¿½ï¿½Ä‚ï¿½ï¿½Ü‚ï¿½ï¿½ï¿½.
#  ï¿½ï¿½ï¿½sï¿½ï¿½ï¿½ï¿½Rï¿½}ï¿½ï¿½ï¿½h (`makefile', 44 ï¿½sï¿½Ú‚ï¿½ï¿½ï¿½):
	docker-compose down --rmi all --volumes --remove-orphans
	

logs:
#  ï¿½Ã–Ùƒï¿½ï¿½[ï¿½ï¿½ï¿½Ì’Tï¿½ï¿½ï¿½Ísï¿½ï¿½ï¿½Ü‚ï¿½ï¿½ï¿½Å‚ï¿½ï¿½ï¿½.
#  ï¿½Cï¿½ï¿½ï¿½ï¿½ï¿½ï¿½ï¿½ï¿½ï¿½`ï¿½Fï¿½bï¿½Nï¿½ï¿½ï¿½ï¿½é‚±ï¿½Æ‚Í‚ï¿½ï¿½ï¿½Ü‚ï¿½ï¿½ï¿½.
#  ï¿½tï¿½@ï¿½Cï¿½ï¿½ï¿½ÍXï¿½Vï¿½ï¿½ï¿½ï¿½Ä‚ï¿½ï¿½Ü‚ï¿½ï¿½ï¿½.
#  ï¿½ï¿½ï¿½sï¿½ï¿½ï¿½ï¿½Rï¿½}ï¿½ï¿½ï¿½h (`makefile', 50 ï¿½sï¿½Ú‚ï¿½ï¿½ï¿½):
	docker-compose logs
	

yarn-watch-poll:
#  ï¿½Ã–Ùƒï¿½ï¿½[ï¿½ï¿½ï¿½Ì’Tï¿½ï¿½ï¿½Ísï¿½ï¿½ï¿½Ü‚ï¿½ï¿½ï¿½Å‚ï¿½ï¿½ï¿½.
#  ï¿½Cï¿½ï¿½ï¿½ï¿½ï¿½ï¿½ï¿½ï¿½ï¿½`ï¿½Fï¿½bï¿½Nï¿½ï¿½ï¿½ï¿½é‚±ï¿½Æ‚Í‚ï¿½ï¿½ï¿½Ü‚ï¿½ï¿½ï¿½.
#  ï¿½tï¿½@ï¿½Cï¿½ï¿½ï¿½ÍXï¿½Vï¿½ï¿½ï¿½ï¿½Ä‚ï¿½ï¿½Ü‚ï¿½ï¿½ï¿½.
#  ï¿½ï¿½ï¿½sï¿½ï¿½ï¿½ï¿½Rï¿½}ï¿½ï¿½ï¿½h (`makefile', 118 ï¿½sï¿½Ú‚ï¿½ï¿½ï¿½):
	docker-compose exec web yarn watch-poll
	

logs-watch:
#  ï¿½Ã–Ùƒï¿½ï¿½[ï¿½ï¿½ï¿½Ì’Tï¿½ï¿½ï¿½Ísï¿½ï¿½ï¿½Ü‚ï¿½ï¿½ï¿½Å‚ï¿½ï¿½ï¿½.
#  ï¿½Cï¿½ï¿½ï¿½ï¿½ï¿½ï¿½ï¿½ï¿½ï¿½`ï¿½Fï¿½bï¿½Nï¿½ï¿½ï¿½ï¿½é‚±ï¿½Æ‚Í‚ï¿½ï¿½ï¿½Ü‚ï¿½ï¿½ï¿½.
#  ï¿½tï¿½@ï¿½Cï¿½ï¿½ï¿½ÍXï¿½Vï¿½ï¿½ï¿½ï¿½Ä‚ï¿½ï¿½Ü‚ï¿½ï¿½ï¿½.
#  ï¿½ï¿½ï¿½sï¿½ï¿½ï¿½ï¿½Rï¿½}ï¿½ï¿½ï¿½h (`makefile', 52 ï¿½sï¿½Ú‚ï¿½ï¿½ï¿½):
	docker-compose logs --follow
	

tinker:
#  ï¿½Ã–Ùƒï¿½ï¿½[ï¿½ï¿½ï¿½Ì’Tï¿½ï¿½ï¿½Ísï¿½ï¿½ï¿½Ü‚ï¿½ï¿½ï¿½Å‚ï¿½ï¿½ï¿½.
#  ï¿½Cï¿½ï¿½ï¿½ï¿½ï¿½ï¿½ï¿½ï¿½ï¿½`ï¿½Fï¿½bï¿½Nï¿½ï¿½ï¿½ï¿½é‚±ï¿½Æ‚Í‚ï¿½ï¿½ï¿½Ü‚ï¿½ï¿½ï¿½.
#  ï¿½tï¿½@ï¿½Cï¿½ï¿½ï¿½ÍXï¿½Vï¿½ï¿½ï¿½ï¿½Ä‚ï¿½ï¿½Ü‚ï¿½ï¿½ï¿½.
#  ï¿½ï¿½ï¿½sï¿½ï¿½ï¿½ï¿½Rï¿½}ï¿½ï¿½ï¿½h (`makefile', 81 ï¿½sï¿½Ú‚ï¿½ï¿½ï¿½):
	docker-compose exec app php artisan tinker
	

yarn-dev:
#  ï¿½Ã–Ùƒï¿½ï¿½[ï¿½ï¿½ï¿½Ì’Tï¿½ï¿½ï¿½Ísï¿½ï¿½ï¿½Ü‚ï¿½ï¿½ï¿½Å‚ï¿½ï¿½ï¿½.
#  ï¿½Cï¿½ï¿½ï¿½ï¿½ï¿½ï¿½ï¿½ï¿½ï¿½`ï¿½Fï¿½bï¿½Nï¿½ï¿½ï¿½ï¿½é‚±ï¿½Æ‚Í‚ï¿½ï¿½ï¿½Ü‚ï¿½ï¿½ï¿½.
#  ï¿½tï¿½@ï¿½Cï¿½ï¿½ï¿½ÍXï¿½Vï¿½ï¿½ï¿½ï¿½Ä‚ï¿½ï¿½Ü‚ï¿½ï¿½ï¿½.
#  ï¿½ï¿½ï¿½sï¿½ï¿½ï¿½ï¿½Rï¿½}ï¿½ï¿½ï¿½h (`makefile', 114 ï¿½sï¿½Ú‚ï¿½ï¿½ï¿½):
	docker-compose exec web yarn dev
	

down:
#  ï¿½Ã–Ùƒï¿½ï¿½[ï¿½ï¿½ï¿½Ì’Tï¿½ï¿½ï¿½Ísï¿½ï¿½ï¿½Ü‚ï¿½ï¿½ï¿½Å‚ï¿½ï¿½ï¿½.
#  ï¿½Cï¿½ï¿½ï¿½ï¿½ï¿½ï¿½ï¿½ï¿½ï¿½`ï¿½Fï¿½bï¿½Nï¿½ï¿½ï¿½ï¿½é‚±ï¿½Æ‚Í‚ï¿½ï¿½ï¿½Ü‚ï¿½ï¿½ï¿½.
#  ï¿½tï¿½@ï¿½Cï¿½ï¿½ï¿½ÍXï¿½Vï¿½ï¿½ï¿½ï¿½Ä‚ï¿½ï¿½Ü‚ï¿½ï¿½ï¿½.
#  ï¿½ï¿½ï¿½sï¿½ï¿½ï¿½ï¿½Rï¿½}ï¿½ï¿½ï¿½h (`makefile', 39 ï¿½sï¿½Ú‚ï¿½ï¿½ï¿½):
	docker-compose down --remove-orphans
	

ps:
#  ï¿½Ã–Ùƒï¿½ï¿½[ï¿½ï¿½ï¿½Ì’Tï¿½ï¿½ï¿½Ísï¿½ï¿½ï¿½Ü‚ï¿½ï¿½ï¿½Å‚ï¿½ï¿½ï¿½.
#  ï¿½Cï¿½ï¿½ï¿½ï¿½ï¿½ï¿½ï¿½ï¿½ï¿½`ï¿½Fï¿½bï¿½Nï¿½ï¿½ï¿½ï¿½é‚±ï¿½Æ‚Í‚ï¿½ï¿½ï¿½Ü‚ï¿½ï¿½ï¿½.
#  ï¿½tï¿½@ï¿½Cï¿½ï¿½ï¿½ÍXï¿½Vï¿½ï¿½ï¿½ï¿½Ä‚ï¿½ï¿½Ü‚ï¿½ï¿½ï¿½.
#  ï¿½ï¿½ï¿½sï¿½ï¿½ï¿½ï¿½Rï¿½}ï¿½ï¿½ï¿½h (`makefile', 48 ï¿½sï¿½Ú‚ï¿½ï¿½ï¿½):
	docker-compose ps
	

# ï¿½tï¿½@ï¿½Cï¿½ï¿½ï¿½nï¿½bï¿½Vï¿½ï¿½ï¿½eï¿½[ï¿½uï¿½ï¿½ï¿½Ìï¿½ï¿½:
# Load=54/1024=5%, Rehash=0, Collisions=0/65=0%
# VPATH ï¿½Tï¿½ï¿½ï¿½pï¿½X

# `vpath' ï¿½Tï¿½ï¿½ï¿½pï¿½Xï¿½Í‚ï¿½ï¿½ï¿½Ü‚ï¿½ï¿½ï¿½

# ï¿½ï¿½Ê‚ï¿½ (`VPATH' ï¿½Ïï¿½) ï¿½Tï¿½ï¿½ï¿½pï¿½Xï¿½È‚ï¿½.

# # of strings in strcache: 1
# # of strcache buffers: 1
# strcache size: total = 4096 / max = 4096 / min = 4096 / avg = 4096
# strcache free: total = 4087 / max = 4087 / min = 4087 / avg = 4087

# Make ï¿½fï¿½[ï¿½^ï¿½xï¿½[ï¿½Xï¿½Iï¿½ï¿½ Thu May 20 11:43:46 2021

 
make.exe: *** ï¿½^ï¿½[ï¿½Qï¿½bï¿½g `all' ï¿½ï¿½ make ï¿½ï¿½ï¿½éƒ‹ï¿½[ï¿½ï¿½ï¿½ï¿½ï¿½ï¿½ï¿½ï¿½Ü‚ï¿½ï¿½ï¿½.  ï¿½ï¿½ï¿½~.
 
